<?xml version="1.0" encoding="UTF-8"?>
<!-- Generated by org.testng.reporters.JUnitXMLReporter -->
<testsuite ignored="0" hostname="Krieger" failures="1" tests="2" name="Surefire test" time="6.259" errors="0" timestamp="2024-04-19T06:16:42 IST">
  <testcase classname="ParallelTest" name="ChromeTest" time="6.214"/>
  <testcase classname="ParallelTest" name="FirefoxTest" time="0.002">
    <failure type="java.lang.NoClassDefFoundError" message="org/openqa/selenium/internal/Lock">
      <![CDATA[java.lang.NoClassDefFoundError: org/openqa/selenium/internal/Lock
at ParallelTest.FirefoxTest(ParallelTest.java:12)
at java.base/java.util.ArrayList.forEach(ArrayList.java:1596)
Caused by: java.lang.ClassNotFoundException: org.openqa.selenium.internal.Lock
at java.base/jdk.internal.loader.BuiltinClassLoader.loadClass(BuiltinClassLoader.java:641)
at java.base/jdk.internal.loader.ClassLoaders$AppClassLoader.loadClass(ClassLoaders.java:188)
at java.base/java.lang.ClassLoader.loadClass(ClassLoader.java:526)
... 32 more
... Removed 30 stack frames]]>
    </failure>
  </testcase> <!-- FirefoxTest -->
</testsuite> <!-- Surefire test -->
